<?xml version="1.0" encoding="UTF-8"?>
<!-- Generated by org.testng.reporters.JUnitReportReporter -->
<testsuite hostname="DESKTOP-GA3FTFK" failures="0" tests="1" name="jdbcpack.JDBCClassExample" time="0.889" errors="0" timestamp="2023-02-06T09:19:14 IST" skipped="0">
  <testcase classname="jdbcpack.JDBCClassExample" name="printCusotmerDetails" time="0.889"/>
  <system-out/>
</testsuite> <!-- jdbcpack.JDBCClassExample -->
