<?xml version="1.0" encoding="UTF-8"?>
<!-- Generated by org.testng.reporters.JUnitReportReporter -->
<testsuite hostname="DESKTOP-GA3FTFK" failures="0" tests="1" name="test.LoggerClassMgnr" time="0.035" errors="0" timestamp="2023-01-26T10:48:27 IST" skipped="0">
  <testcase classname="test.LoggerClassMgnr" name="test" time="0.035"/>
  <system-out/>
</testsuite> <!-- test.LoggerClassMgnr -->
