<?xml version="1.0" encoding="UTF-8"?>
<!-- Generated by org.testng.reporters.JUnitReportReporter -->
<testsuite hostname="DESKTOP-GA3FTFK" failures="0" tests="1" name="seleniumgrid.TestLogger" time="0.085" errors="0" timestamp="2023-02-05T12:26:26 IST" skipped="0">
  <testcase classname="seleniumgrid.TestLogger" name="test" time="0.085"/>
  <system-out/>
</testsuite> <!-- seleniumgrid.TestLogger -->
