<?xml version="1.0" encoding="UTF-8"?>
<!-- Generated by org.testng.reporters.JUnitReportReporter -->
<testsuite hostname="DESKTOP-GA3FTFK" failures="0" tests="1" name="utilities.ExcelUtilitiesClass" time="2.383" errors="0" timestamp="2023-01-30T08:58:21 IST" skipped="0">
  <testcase classname="utilities.ExcelUtilitiesClass" name="readDataFromExcel" time="2.383"/>
  <system-out/>
</testsuite> <!-- utilities.ExcelUtilitiesClass -->
