<?xml version="1.0" encoding="UTF-8"?>
<!-- Generated by org.testng.reporters.JUnitReportReporter -->
<testsuite hostname="DESKTOP-GA3FTFK" failures="0" tests="1" name="config.ExtentSparkReporterClass" time="1.223" errors="0" timestamp="2023-01-28T08:34:07 IST" skipped="0">
  <testcase classname="config.ExtentSparkReporterClass" name="createReport" time="1.223"/>
  <system-out/>
</testsuite> <!-- config.ExtentSparkReporterClass -->
