<?xml version="1.0" encoding="UTF-8"?>
<!-- Generated by org.testng.reporters.JUnitReportReporter -->
<testsuite hostname="DESKTOP-GA3FTFK" failures="0" tests="1" name="test.TestLogClass" time="0.040" errors="0" timestamp="2023-01-27T08:51:38 IST" skipped="0">
  <testcase classname="test.TestLogClass" name="loginfo" time="0.040"/>
  <system-out/>
</testsuite> <!-- test.TestLogClass -->
