<?xml version="1.0" encoding="UTF-8"?>
<!-- Generated by org.testng.reporters.JUnitReportReporter -->
<testsuite hostname="DESKTOP-GA3FTFK" failures="0" tests="1" name="samplemvnprj.samplemvnprj.PropertiesReaderClass" time="0.021" errors="0" timestamp="2023-01-26T08:41:59 IST" skipped="0">
  <testcase classname="samplemvnprj.samplemvnprj.PropertiesReaderClass" name="readValues" time="0.021"/>
  <system-out/>
</testsuite> <!-- samplemvnprj.samplemvnprj.PropertiesReaderClass -->
