<?xml version="1.0" encoding="UTF-8"?>
<!-- Generated by org.testng.reporters.JUnitReportReporter -->
<testsuite hostname="DESKTOP-GA3FTFK" failures="0" tests="1" name="config.DBConfig" time="1.156" errors="0" timestamp="2023-02-05T00:03:30 IST" skipped="0">
  <testcase classname="config.DBConfig" name="readDB" time="1.156"/>
  <system-out/>
</testsuite> <!-- config.DBConfig -->
